# Resume mode (implies --sync): every 'zfs receive' runs with -s, so an
# interrupted transfer leaves a resume token on the destination dataset.
# To continue, just run this same command again -- it detects the token
# and emits 'zfs send -t <token>' to finish the interrupted stream.
# A resumed run only finishes that stream; run the command once more
# afterwards to send any snapshots created since (sync incremental).
# To resume a single dataset by hand, read the token and feed it back:
#   zfs get -H -o value receive_resume_token <dest-dataset>
#   zfs send -t <token> | mbuffer -m 1G | zfs receive -s -u <dest-dataset>
# To discard a stale token instead: zfs receive -A <dest-dataset>
# tank/data - up to date
zfs send -I 's1' 'tank/data/a@s3' | mbuffer -m 1G | zfs receive -s -u 'back/data/a'
# skipping tank/data/b - no snapshots
# tank/data/c - no common snapshot, full send
zfs send 'tank/data/c@s1' | mbuffer -m 1G | zfs receive -s -u 'back/data/c@s1'
zfs send -I 's1' 'tank/data/c@s2' | mbuffer -m 1G | zfs receive -s -u 'back/data/c'
# tank/data/d - resuming interrupted transfer from saved token
zfs send -t 'TOKEN123' | mbuffer -m 1G | zfs receive -s -u 'back/data/d'
# tank/data/e - up to date
exit=0
